<?xml version="1.0" encoding="UTF-8"?>
<testng-results skipped="0" failed="0" ignored="0" total="1" passed="1">
  <reporter-output>
  </reporter-output>
  <suite name="Default suite" duration-ms="14349" started-at="2020-01-30T17:34:38Z" finished-at="2020-01-30T17:34:53Z">
    <groups>
    </groups>
    <test name="Default test" duration-ms="14349" started-at="2020-01-30T17:34:38Z" finished-at="2020-01-30T17:34:53Z">
      <class name="com.mystore.testCases.TC_LoginTestCase_001">
        <test-method status="PASS" signature="setUp()[pri:0, instance:com.mystore.testCases.TC_LoginTestCase_001@5442a311]" name="setUp" is-config="true" duration-ms="7591" started-at="2020-01-30T17:34:38Z" finished-at="2020-01-30T17:34:46Z">
          <reporter-output>
          </reporter-output>
        </test-method> <!-- setUp -->
        <test-method status="PASS" signature="loginTest()[pri:0, instance:com.mystore.testCases.TC_LoginTestCase_001@5442a311]" name="loginTest" duration-ms="6020" started-at="2020-01-30T17:34:46Z" finished-at="2020-01-30T17:34:52Z">
          <reporter-output>
          </reporter-output>
        </test-method> <!-- loginTest -->
        <test-method status="PASS" signature="teardown()[pri:0, instance:com.mystore.testCases.TC_LoginTestCase_001@5442a311]" name="teardown" is-config="true" duration-ms="701" started-at="2020-01-30T17:34:52Z" finished-at="2020-01-30T17:34:53Z">
          <reporter-output>
          </reporter-output>
        </test-method> <!-- teardown -->
      </class> <!-- com.mystore.testCases.TC_LoginTestCase_001 -->
    </test> <!-- Default test -->
  </suite> <!-- Default suite -->
</testng-results>
